<?xml version="1.0" encoding="UTF-8"?>
<!-- Generated by org.testng.reporters.JUnitReportReporter -->
<testsuite hostname="Mahesh-13" failures="0" tests="1" name="demo.TestNgdemo" time="9.263" errors="0" timestamp="2021-11-18T08:43:02 IST" skipped="0">
  <testcase classname="demo.TestNgdemo" name="Demo" time="9.263"/>
  <system-out/>
</testsuite> <!-- demo.TestNgdemo -->
