<?xml version="1.0" encoding="UTF-8"?>
<!-- Generated by org.testng.reporters.JUnitReportReporter -->
<testsuite hostname="Mahesh-13" failures="0" tests="5" name="demo.TestNG" time="57.346" errors="0" timestamp="2021-11-24T13:09:32 IST" skipped="0">
  <testcase classname="demo.TestNG" name="testa" time="16.353"/>
  <system-out/>
  <testcase classname="demo.TestNG" name="testd" time="9.120"/>
  <system-out/>
  <testcase classname="demo.TestNG" name="testb" time="8.811"/>
  <system-out/>
  <testcase classname="demo.TestNG" name="testc" time="10.508"/>
  <system-out/>
  <testcase classname="demo.TestNG" name="teste" time="12.554"/>
  <system-out/>
</testsuite> <!-- demo.TestNG -->
