<?xml version="1.0" encoding="UTF-8"?>
<!-- Generated by org.testng.reporters.JUnitReportReporter -->
<testsuite hostname="Mahesh-13" failures="0" tests="2" name="demo.Dataprovider" time="51.870" errors="0" timestamp="2022-01-27T13:20:08 IST" skipped="0">
  <testcase classname="demo.Dataprovider" name="login" time="25.938"/>
  <system-out/>
  <testcase classname="demo.Dataprovider" name="login" time="25.932"/>
  <system-out/>
</testsuite> <!-- demo.Dataprovider -->
