<?xml version="1.0" encoding="UTF-8"?>
<!-- Generated by org.testng.reporters.JUnitReportReporter -->
<testsuite hostname="Mahesh-13" failures="0" tests="4" name="demo.dataprovider1" time="25.348" errors="0" timestamp="2021-11-24T21:26:22 IST" skipped="0">
  <testcase classname="demo.dataprovider1" name="test" time="6.308"/>
  <system-out/>
  <testcase classname="demo.dataprovider1" name="test" time="6.404"/>
  <system-out/>
  <testcase classname="demo.dataprovider1" name="test" time="6.319"/>
  <system-out/>
  <testcase classname="demo.dataprovider1" name="test" time="6.317"/>
  <system-out/>
</testsuite> <!-- demo.dataprovider1 -->
